c:\users\jacob\desktop\code solutions\asteroid game\build\intermediate\debug\vc143.pdb
c:\users\jacob\desktop\code solutions\asteroid game\build\intermediate\debug\vc143.idb
c:\users\jacob\desktop\code solutions\asteroid game\build\intermediate\debug\main.obj
c:\users\jacob\desktop\code solutions\asteroid game\build\intermediate\debug\level.obj
c:\users\jacob\desktop\code solutions\asteroid game\build\intermediate\debug\entity.obj
c:\users\jacob\documents\github\asteroidgame\build\intermediate\debug\vc143.pdb
c:\users\jacob\documents\github\asteroidgame\build\intermediate\debug\vc143.idb
c:\users\jacob\documents\github\asteroidgame\build\intermediate\debug\math.obj
c:\users\jacob\documents\github\asteroidgame\build\intermediate\debug\main.obj
c:\users\jacob\documents\github\asteroidgame\build\intermediate\debug\level.obj
c:\users\jacob\documents\github\asteroidgame\build\intermediate\debug\entity.obj
c:\users\jacob\desktop\code solutions\asteroid game\build\intermediate\debug\raylib_template.ilk
c:\users\jacob\desktop\code solutions\asteroid game\build\debug\raylib_template.exe
c:\users\jacob\desktop\code solutions\asteroid game\build\debug\raylib_template.pdb
c:\users\jacob\documents\github\asteroidgame\build\debug\raylib_template.exe
c:\users\jacob\documents\github\asteroidgame\build\intermediate\debug\raylib_template.ilk
c:\users\jacob\documents\github\asteroidgame\build\debug\raylib_template.pdb
c:\users\jacob\documents\github\asteroidgame\build\intermediate\debug\raylib_template.tlog\cl.command.1.tlog
c:\users\jacob\documents\github\asteroidgame\build\intermediate\debug\raylib_template.tlog\cl.read.1.tlog
c:\users\jacob\documents\github\asteroidgame\build\intermediate\debug\raylib_template.tlog\cl.write.1.tlog
c:\users\jacob\documents\github\asteroidgame\build\intermediate\debug\raylib_template.tlog\link.command.1.tlog
c:\users\jacob\documents\github\asteroidgame\build\intermediate\debug\raylib_template.tlog\link.read.1.tlog
c:\users\jacob\documents\github\asteroidgame\build\intermediate\debug\raylib_template.tlog\link.write.1.tlog
